<?xml version="1.0" encoding="UTF-8"?>
<!-- Generated by org.testng.reporters.JUnitReportReporter -->
<testsuite hostname="LAPTOP-F7OO9IRC" failures="0" tests="6" name="Task.dropp" time="6.796" errors="0" timestamp="2025-05-02T16:56:44 IST" skipped="0">
  <testcase classname="Task.dropp" name="selectCountry" time="1.072"/>
  <testcase classname="Task.dropp" name="selectCountry" time="1.144"/>
  <testcase classname="Task.dropp" name="selectCountry" time="1.120"/>
  <testcase classname="Task.dropp" name="selectCountry" time="1.148"/>
  <testcase classname="Task.dropp" name="selectCountry" time="1.135"/>
  <testcase classname="Task.dropp" name="selectCountry" time="1.177"/>
</testsuite> <!-- Task.dropp -->
