<?xml version="1.0" encoding="UTF-8"?>
<!-- Generated by org.testng.reporters.JUnitReportReporter -->
<testsuite hostname="LAPTOP-F7OO9IRC" failures="0" tests="3" name="Task.handlingalerts" time="11.303" errors="0" timestamp="2025-04-26T12:41:53 IST" skipped="0">
  <testcase classname="Task.handlingalerts" name="handleAlerts" time="5.249"/>
  <testcase classname="Task.handlingalerts" name="handleAlerts" time="3.555"/>
  <testcase classname="Task.handlingalerts" name="handleAlerts" time="2.499"/>
</testsuite> <!-- Task.handlingalerts -->
